<?xml version="1.0" encoding="UTF-8"?>
<testsuite xmlns:xsi="http://www.w3.org/2001/XMLSchema-instance" xsi:noNamespaceSchemaLocation="https://maven.apache.org/surefire/maven-surefire-plugin/xsd/surefire-test-report.xsd" name="com.qa.quotation.apitest.runner.TestRunner" time="7.88" tests="4" errors="0" skipped="0" failures="2">
  <properties>
    <property name="gopherProxySet" value="false"/>
    <property name="awt.toolkit" value="sun.lwawt.macosx.LWCToolkit"/>
    <property name="file.encoding.pkg" value="sun.io"/>
    <property name="java.specification.version" value="1.8"/>
    <property name="sun.cpu.isalist" value=""/>
    <property name="sun.jnu.encoding" value="UTF-8"/>
    <property name="java.class.path" value="/Users/bhaskermamidisetti/Documents/pet/QAQuationEngine/qa-cotation-engine/target/test-classes:/Users/bhaskermamidisetti/Documents/pet/QAQuationEngine/qa-cotation-engine/target/classes:/Users/bhaskermamidisetti/.m2/repository/info/cukes/cucumber-java/1.2.5/cucumber-java-1.2.5.jar:/Users/bhaskermamidisetti/.m2/repository/info/cukes/cucumber-junit/1.2.5/cucumber-junit-1.2.5.jar:/Users/bhaskermamidisetti/.m2/repository/info/cukes/cucumber-picocontainer/1.2.5/cucumber-picocontainer-1.2.5.jar:/Users/bhaskermamidisetti/.m2/repository/info/cukes/cucumber-jvm-deps/1.0.5/cucumber-jvm-deps-1.0.5.jar:/Users/bhaskermamidisetti/.m2/repository/org/picocontainer/picocontainer/2.15/picocontainer-2.15.jar:/Users/bhaskermamidisetti/.m2/repository/info/cukes/cucumber-core/1.2.5/cucumber-core-1.2.5.jar:/Users/bhaskermamidisetti/.m2/repository/info/cukes/cucumber-html/0.2.3/cucumber-html-0.2.3.jar:/Users/bhaskermamidisetti/.m2/repository/info/cukes/gherkin/2.12.2/gherkin-2.12.2.jar:/Users/bhaskermamidisetti/.m2/repository/io/rest-assured/rest-assured/3.3.0/rest-assured-3.3.0.jar:/Users/bhaskermamidisetti/.m2/repository/org/codehaus/groovy/groovy/2.4.15/groovy-2.4.15.jar:/Users/bhaskermamidisetti/.m2/repository/org/codehaus/groovy/groovy-xml/2.4.15/groovy-xml-2.4.15.jar:/Users/bhaskermamidisetti/.m2/repository/org/apache/httpcomponents/httpclient/4.5.3/httpclient-4.5.3.jar:/Users/bhaskermamidisetti/.m2/repository/org/apache/httpcomponents/httpcore/4.4.6/httpcore-4.4.6.jar:/Users/bhaskermamidisetti/.m2/repository/commons-logging/commons-logging/1.2/commons-logging-1.2.jar:/Users/bhaskermamidisetti/.m2/repository/commons-codec/commons-codec/1.9/commons-codec-1.9.jar:/Users/bhaskermamidisetti/.m2/repository/org/apache/httpcomponents/httpmime/4.5.3/httpmime-4.5.3.jar:/Users/bhaskermamidisetti/.m2/repository/org/hamcrest/hamcrest-core/1.3/hamcrest-core-1.3.jar:/Users/bhaskermamidisetti/.m2/repository/org/hamcrest/hamcrest-library/1.3/hamcrest-library-1.3.jar:/Users/bhaskermamidisetti/.m2/repository/org/ccil/cowan/tagsoup/tagsoup/1.2.1/tagsoup-1.2.1.jar:/Users/bhaskermamidisetti/.m2/repository/io/rest-assured/json-path/3.3.0/json-path-3.3.0.jar:/Users/bhaskermamidisetti/.m2/repository/org/codehaus/groovy/groovy-json/2.4.15/groovy-json-2.4.15.jar:/Users/bhaskermamidisetti/.m2/repository/io/rest-assured/rest-assured-common/3.3.0/rest-assured-common-3.3.0.jar:/Users/bhaskermamidisetti/.m2/repository/io/rest-assured/xml-path/3.3.0/xml-path-3.3.0.jar:/Users/bhaskermamidisetti/.m2/repository/org/apache/commons/commons-lang3/3.4/commons-lang3-3.4.jar:/Users/bhaskermamidisetti/.m2/repository/javax/xml/bind/jaxb-api/2.2.12/jaxb-api-2.2.12.jar:/Users/bhaskermamidisetti/.m2/repository/com/sun/xml/bind/jaxb-osgi/2.2.10/jaxb-osgi-2.2.10.jar:/Users/bhaskermamidisetti/.m2/repository/org/apache/sling/org.apache.sling.javax.activation/0.1.0/org.apache.sling.javax.activation-0.1.0.jar:/Users/bhaskermamidisetti/.m2/repository/javax/activation/activation/1.1.1/activation-1.1.1.jar:/Users/bhaskermamidisetti/.m2/repository/io/rest-assured/json-schema-validator/3.3.0/json-schema-validator-3.3.0.jar:/Users/bhaskermamidisetti/.m2/repository/com/github/java-json-tools/json-schema-validator/2.2.10/json-schema-validator-2.2.10.jar:/Users/bhaskermamidisetti/.m2/repository/com/github/java-json-tools/json-schema-core/1.2.10/json-schema-core-1.2.10.jar:/Users/bhaskermamidisetti/.m2/repository/com/github/java-json-tools/jackson-coreutils/1.9/jackson-coreutils-1.9.jar:/Users/bhaskermamidisetti/.m2/repository/com/github/fge/msg-simple/1.1/msg-simple-1.1.jar:/Users/bhaskermamidisetti/.m2/repository/com/github/fge/btf/1.2/btf-1.2.jar:/Users/bhaskermamidisetti/.m2/repository/com/github/fge/uri-template/0.9/uri-template-0.9.jar:/Users/bhaskermamidisetti/.m2/repository/org/mozilla/rhino/1.7.7.1/rhino-1.7.7.1.jar:/Users/bhaskermamidisetti/.m2/repository/javax/mail/mailapi/1.4.3/mailapi-1.4.3.jar:/Users/bhaskermamidisetti/.m2/repository/joda-time/joda-time/2.9.7/joda-time-2.9.7.jar:/Users/bhaskermamidisetti/.m2/repository/com/googlecode/libphonenumber/libphonenumber/8.0.0/libphonenumber-8.0.0.jar:/Users/bhaskermamidisetti/.m2/repository/com/google/code/findbugs/jsr305/3.0.1/jsr305-3.0.1.jar:/Users/bhaskermamidisetti/.m2/repository/net/sf/jopt-simple/jopt-simple/5.0.3/jopt-simple-5.0.3.jar:/Users/bhaskermamidisetti/.m2/repository/junit/junit/4.12/junit-4.12.jar:/Users/bhaskermamidisetti/.m2/repository/io/jsonwebtoken/jjwt/0.2/jjwt-0.2.jar:/Users/bhaskermamidisetti/.m2/repository/org/slf4j/slf4j-api/1.7.6/slf4j-api-1.7.6.jar:/Users/bhaskermamidisetti/.m2/repository/com/fasterxml/jackson/core/jackson-databind/2.4.2/jackson-databind-2.4.2.jar:/Users/bhaskermamidisetti/.m2/repository/com/fasterxml/jackson/core/jackson-annotations/2.4.0/jackson-annotations-2.4.0.jar:/Users/bhaskermamidisetti/.m2/repository/com/fasterxml/jackson/core/jackson-core/2.4.2/jackson-core-2.4.2.jar:/Users/bhaskermamidisetti/.m2/repository/com/jayway/jsonpath/json-path/2.4.0/json-path-2.4.0.jar:/Users/bhaskermamidisetti/.m2/repository/net/minidev/json-smart/2.3/json-smart-2.3.jar:/Users/bhaskermamidisetti/.m2/repository/net/minidev/accessors-smart/1.2/accessors-smart-1.2.jar:/Users/bhaskermamidisetti/.m2/repository/org/ow2/asm/asm/5.0.4/asm-5.0.4.jar:/Users/bhaskermamidisetti/.m2/repository/com/jayway/jsonpath/json-path-assert/0.9.1/json-path-assert-0.9.1.jar:/Users/bhaskermamidisetti/.m2/repository/com/github/javafaker/javafaker/0.17.2/javafaker-0.17.2.jar:/Users/bhaskermamidisetti/.m2/repository/org/yaml/snakeyaml/1.23/snakeyaml-1.23-android.jar:/Users/bhaskermamidisetti/.m2/repository/com/github/mifmif/generex/1.0.2/generex-1.0.2.jar:/Users/bhaskermamidisetti/.m2/repository/dk/brics/automaton/automaton/1.11-8/automaton-1.11-8.jar:/Users/bhaskermamidisetti/.m2/repository/com/googlecode/json-simple/json-simple/1.1/json-simple-1.1.jar:/Users/bhaskermamidisetti/.m2/repository/log4j/log4j/1.2.17/log4j-1.2.17.jar:/Users/bhaskermamidisetti/.m2/repository/org/seleniumhq/selenium/selenium-java/3.141.59/selenium-java-3.141.59.jar:/Users/bhaskermamidisetti/.m2/repository/org/seleniumhq/selenium/selenium-api/3.141.59/selenium-api-3.141.59.jar:/Users/bhaskermamidisetti/.m2/repository/org/seleniumhq/selenium/selenium-chrome-driver/3.141.59/selenium-chrome-driver-3.141.59.jar:/Users/bhaskermamidisetti/.m2/repository/org/seleniumhq/selenium/selenium-edge-driver/3.141.59/selenium-edge-driver-3.141.59.jar:/Users/bhaskermamidisetti/.m2/repository/org/seleniumhq/selenium/selenium-firefox-driver/3.141.59/selenium-firefox-driver-3.141.59.jar:/Users/bhaskermamidisetti/.m2/repository/org/seleniumhq/selenium/selenium-ie-driver/3.141.59/selenium-ie-driver-3.141.59.jar:/Users/bhaskermamidisetti/.m2/repository/org/seleniumhq/selenium/selenium-opera-driver/3.141.59/selenium-opera-driver-3.141.59.jar:/Users/bhaskermamidisetti/.m2/repository/org/seleniumhq/selenium/selenium-remote-driver/3.141.59/selenium-remote-driver-3.141.59.jar:/Users/bhaskermamidisetti/.m2/repository/org/seleniumhq/selenium/selenium-safari-driver/3.141.59/selenium-safari-driver-3.141.59.jar:/Users/bhaskermamidisetti/.m2/repository/org/seleniumhq/selenium/selenium-support/3.141.59/selenium-support-3.141.59.jar:/Users/bhaskermamidisetti/.m2/repository/net/bytebuddy/byte-buddy/1.8.15/byte-buddy-1.8.15.jar:/Users/bhaskermamidisetti/.m2/repository/org/apache/commons/commons-exec/1.3/commons-exec-1.3.jar:/Users/bhaskermamidisetti/.m2/repository/com/google/guava/guava/25.0-jre/guava-25.0-jre.jar:/Users/bhaskermamidisetti/.m2/repository/org/checkerframework/checker-compat-qual/2.0.0/checker-compat-qual-2.0.0.jar:/Users/bhaskermamidisetti/.m2/repository/com/google/errorprone/error_prone_annotations/2.1.3/error_prone_annotations-2.1.3.jar:/Users/bhaskermamidisetti/.m2/repository/com/google/j2objc/j2objc-annotations/1.1/j2objc-annotations-1.1.jar:/Users/bhaskermamidisetti/.m2/repository/org/codehaus/mojo/animal-sniffer-annotations/1.14/animal-sniffer-annotations-1.14.jar:/Users/bhaskermamidisetti/.m2/repository/com/squareup/okhttp3/okhttp/3.11.0/okhttp-3.11.0.jar:/Users/bhaskermamidisetti/.m2/repository/com/squareup/okio/okio/1.14.0/okio-1.14.0.jar:"/>
    <property name="java.vm.vendor" value="Oracle Corporation"/>
    <property name="sun.arch.data.model" value="64"/>
    <property name="java.vendor.url" value="http://java.oracle.com/"/>
    <property name="user.timezone" value=""/>
    <property name="java.vm.specification.version" value="1.8"/>
    <property name="os.name" value="Mac OS X"/>
    <property name="user.country" value="GB"/>
    <property name="sun.java.launcher" value="SUN_STANDARD"/>
    <property name="sun.boot.library.path" value="/Library/Java/JavaVirtualMachines/jdk1.8.0_151.jdk/Contents/Home/jre/lib"/>
    <property name="sun.java.command" value="/Users/bhaskermamidisetti/Documents/pet/QAQuationEngine/qa-cotation-engine/target/surefire/surefirebooter5626878652824218080.jar /Users/bhaskermamidisetti/Documents/pet/QAQuationEngine/qa-cotation-engine/target/surefire 2021-10-26T21-27-25_445-jvmRun1 surefire5383594319689773552tmp surefire_0603906362346336203tmp"/>
    <property name="surefire.test.class.path" value="/Users/bhaskermamidisetti/Documents/pet/QAQuationEngine/qa-cotation-engine/target/test-classes:/Users/bhaskermamidisetti/Documents/pet/QAQuationEngine/qa-cotation-engine/target/classes:/Users/bhaskermamidisetti/.m2/repository/info/cukes/cucumber-java/1.2.5/cucumber-java-1.2.5.jar:/Users/bhaskermamidisetti/.m2/repository/info/cukes/cucumber-junit/1.2.5/cucumber-junit-1.2.5.jar:/Users/bhaskermamidisetti/.m2/repository/info/cukes/cucumber-picocontainer/1.2.5/cucumber-picocontainer-1.2.5.jar:/Users/bhaskermamidisetti/.m2/repository/info/cukes/cucumber-jvm-deps/1.0.5/cucumber-jvm-deps-1.0.5.jar:/Users/bhaskermamidisetti/.m2/repository/org/picocontainer/picocontainer/2.15/picocontainer-2.15.jar:/Users/bhaskermamidisetti/.m2/repository/info/cukes/cucumber-core/1.2.5/cucumber-core-1.2.5.jar:/Users/bhaskermamidisetti/.m2/repository/info/cukes/cucumber-html/0.2.3/cucumber-html-0.2.3.jar:/Users/bhaskermamidisetti/.m2/repository/info/cukes/gherkin/2.12.2/gherkin-2.12.2.jar:/Users/bhaskermamidisetti/.m2/repository/io/rest-assured/rest-assured/3.3.0/rest-assured-3.3.0.jar:/Users/bhaskermamidisetti/.m2/repository/org/codehaus/groovy/groovy/2.4.15/groovy-2.4.15.jar:/Users/bhaskermamidisetti/.m2/repository/org/codehaus/groovy/groovy-xml/2.4.15/groovy-xml-2.4.15.jar:/Users/bhaskermamidisetti/.m2/repository/org/apache/httpcomponents/httpclient/4.5.3/httpclient-4.5.3.jar:/Users/bhaskermamidisetti/.m2/repository/org/apache/httpcomponents/httpcore/4.4.6/httpcore-4.4.6.jar:/Users/bhaskermamidisetti/.m2/repository/commons-logging/commons-logging/1.2/commons-logging-1.2.jar:/Users/bhaskermamidisetti/.m2/repository/commons-codec/commons-codec/1.9/commons-codec-1.9.jar:/Users/bhaskermamidisetti/.m2/repository/org/apache/httpcomponents/httpmime/4.5.3/httpmime-4.5.3.jar:/Users/bhaskermamidisetti/.m2/repository/org/hamcrest/hamcrest-core/1.3/hamcrest-core-1.3.jar:/Users/bhaskermamidisetti/.m2/repository/org/hamcrest/hamcrest-library/1.3/hamcrest-library-1.3.jar:/Users/bhaskermamidisetti/.m2/repository/org/ccil/cowan/tagsoup/tagsoup/1.2.1/tagsoup-1.2.1.jar:/Users/bhaskermamidisetti/.m2/repository/io/rest-assured/json-path/3.3.0/json-path-3.3.0.jar:/Users/bhaskermamidisetti/.m2/repository/org/codehaus/groovy/groovy-json/2.4.15/groovy-json-2.4.15.jar:/Users/bhaskermamidisetti/.m2/repository/io/rest-assured/rest-assured-common/3.3.0/rest-assured-common-3.3.0.jar:/Users/bhaskermamidisetti/.m2/repository/io/rest-assured/xml-path/3.3.0/xml-path-3.3.0.jar:/Users/bhaskermamidisetti/.m2/repository/org/apache/commons/commons-lang3/3.4/commons-lang3-3.4.jar:/Users/bhaskermamidisetti/.m2/repository/javax/xml/bind/jaxb-api/2.2.12/jaxb-api-2.2.12.jar:/Users/bhaskermamidisetti/.m2/repository/com/sun/xml/bind/jaxb-osgi/2.2.10/jaxb-osgi-2.2.10.jar:/Users/bhaskermamidisetti/.m2/repository/org/apache/sling/org.apache.sling.javax.activation/0.1.0/org.apache.sling.javax.activation-0.1.0.jar:/Users/bhaskermamidisetti/.m2/repository/javax/activation/activation/1.1.1/activation-1.1.1.jar:/Users/bhaskermamidisetti/.m2/repository/io/rest-assured/json-schema-validator/3.3.0/json-schema-validator-3.3.0.jar:/Users/bhaskermamidisetti/.m2/repository/com/github/java-json-tools/json-schema-validator/2.2.10/json-schema-validator-2.2.10.jar:/Users/bhaskermamidisetti/.m2/repository/com/github/java-json-tools/json-schema-core/1.2.10/json-schema-core-1.2.10.jar:/Users/bhaskermamidisetti/.m2/repository/com/github/java-json-tools/jackson-coreutils/1.9/jackson-coreutils-1.9.jar:/Users/bhaskermamidisetti/.m2/repository/com/github/fge/msg-simple/1.1/msg-simple-1.1.jar:/Users/bhaskermamidisetti/.m2/repository/com/github/fge/btf/1.2/btf-1.2.jar:/Users/bhaskermamidisetti/.m2/repository/com/github/fge/uri-template/0.9/uri-template-0.9.jar:/Users/bhaskermamidisetti/.m2/repository/org/mozilla/rhino/1.7.7.1/rhino-1.7.7.1.jar:/Users/bhaskermamidisetti/.m2/repository/javax/mail/mailapi/1.4.3/mailapi-1.4.3.jar:/Users/bhaskermamidisetti/.m2/repository/joda-time/joda-time/2.9.7/joda-time-2.9.7.jar:/Users/bhaskermamidisetti/.m2/repository/com/googlecode/libphonenumber/libphonenumber/8.0.0/libphonenumber-8.0.0.jar:/Users/bhaskermamidisetti/.m2/repository/com/google/code/findbugs/jsr305/3.0.1/jsr305-3.0.1.jar:/Users/bhaskermamidisetti/.m2/repository/net/sf/jopt-simple/jopt-simple/5.0.3/jopt-simple-5.0.3.jar:/Users/bhaskermamidisetti/.m2/repository/junit/junit/4.12/junit-4.12.jar:/Users/bhaskermamidisetti/.m2/repository/io/jsonwebtoken/jjwt/0.2/jjwt-0.2.jar:/Users/bhaskermamidisetti/.m2/repository/org/slf4j/slf4j-api/1.7.6/slf4j-api-1.7.6.jar:/Users/bhaskermamidisetti/.m2/repository/com/fasterxml/jackson/core/jackson-databind/2.4.2/jackson-databind-2.4.2.jar:/Users/bhaskermamidisetti/.m2/repository/com/fasterxml/jackson/core/jackson-annotations/2.4.0/jackson-annotations-2.4.0.jar:/Users/bhaskermamidisetti/.m2/repository/com/fasterxml/jackson/core/jackson-core/2.4.2/jackson-core-2.4.2.jar:/Users/bhaskermamidisetti/.m2/repository/com/jayway/jsonpath/json-path/2.4.0/json-path-2.4.0.jar:/Users/bhaskermamidisetti/.m2/repository/net/minidev/json-smart/2.3/json-smart-2.3.jar:/Users/bhaskermamidisetti/.m2/repository/net/minidev/accessors-smart/1.2/accessors-smart-1.2.jar:/Users/bhaskermamidisetti/.m2/repository/org/ow2/asm/asm/5.0.4/asm-5.0.4.jar:/Users/bhaskermamidisetti/.m2/repository/com/jayway/jsonpath/json-path-assert/0.9.1/json-path-assert-0.9.1.jar:/Users/bhaskermamidisetti/.m2/repository/com/github/javafaker/javafaker/0.17.2/javafaker-0.17.2.jar:/Users/bhaskermamidisetti/.m2/repository/org/yaml/snakeyaml/1.23/snakeyaml-1.23-android.jar:/Users/bhaskermamidisetti/.m2/repository/com/github/mifmif/generex/1.0.2/generex-1.0.2.jar:/Users/bhaskermamidisetti/.m2/repository/dk/brics/automaton/automaton/1.11-8/automaton-1.11-8.jar:/Users/bhaskermamidisetti/.m2/repository/com/googlecode/json-simple/json-simple/1.1/json-simple-1.1.jar:/Users/bhaskermamidisetti/.m2/repository/log4j/log4j/1.2.17/log4j-1.2.17.jar:/Users/bhaskermamidisetti/.m2/repository/org/seleniumhq/selenium/selenium-java/3.141.59/selenium-java-3.141.59.jar:/Users/bhaskermamidisetti/.m2/repository/org/seleniumhq/selenium/selenium-api/3.141.59/selenium-api-3.141.59.jar:/Users/bhaskermamidisetti/.m2/repository/org/seleniumhq/selenium/selenium-chrome-driver/3.141.59/selenium-chrome-driver-3.141.59.jar:/Users/bhaskermamidisetti/.m2/repository/org/seleniumhq/selenium/selenium-edge-driver/3.141.59/selenium-edge-driver-3.141.59.jar:/Users/bhaskermamidisetti/.m2/repository/org/seleniumhq/selenium/selenium-firefox-driver/3.141.59/selenium-firefox-driver-3.141.59.jar:/Users/bhaskermamidisetti/.m2/repository/org/seleniumhq/selenium/selenium-ie-driver/3.141.59/selenium-ie-driver-3.141.59.jar:/Users/bhaskermamidisetti/.m2/repository/org/seleniumhq/selenium/selenium-opera-driver/3.141.59/selenium-opera-driver-3.141.59.jar:/Users/bhaskermamidisetti/.m2/repository/org/seleniumhq/selenium/selenium-remote-driver/3.141.59/selenium-remote-driver-3.141.59.jar:/Users/bhaskermamidisetti/.m2/repository/org/seleniumhq/selenium/selenium-safari-driver/3.141.59/selenium-safari-driver-3.141.59.jar:/Users/bhaskermamidisetti/.m2/repository/org/seleniumhq/selenium/selenium-support/3.141.59/selenium-support-3.141.59.jar:/Users/bhaskermamidisetti/.m2/repository/net/bytebuddy/byte-buddy/1.8.15/byte-buddy-1.8.15.jar:/Users/bhaskermamidisetti/.m2/repository/org/apache/commons/commons-exec/1.3/commons-exec-1.3.jar:/Users/bhaskermamidisetti/.m2/repository/com/google/guava/guava/25.0-jre/guava-25.0-jre.jar:/Users/bhaskermamidisetti/.m2/repository/org/checkerframework/checker-compat-qual/2.0.0/checker-compat-qual-2.0.0.jar:/Users/bhaskermamidisetti/.m2/repository/com/google/errorprone/error_prone_annotations/2.1.3/error_prone_annotations-2.1.3.jar:/Users/bhaskermamidisetti/.m2/repository/com/google/j2objc/j2objc-annotations/1.1/j2objc-annotations-1.1.jar:/Users/bhaskermamidisetti/.m2/repository/org/codehaus/mojo/animal-sniffer-annotations/1.14/animal-sniffer-annotations-1.14.jar:/Users/bhaskermamidisetti/.m2/repository/com/squareup/okhttp3/okhttp/3.11.0/okhttp-3.11.0.jar:/Users/bhaskermamidisetti/.m2/repository/com/squareup/okio/okio/1.14.0/okio-1.14.0.jar:"/>
    <property name="sun.cpu.endian" value="little"/>
    <property name="user.home" value="/Users/bhaskermamidisetti"/>
    <property name="user.language" value="en"/>
    <property name="java.specification.vendor" value="Oracle Corporation"/>
    <property name="java.home" value="/Library/Java/JavaVirtualMachines/jdk1.8.0_151.jdk/Contents/Home/jre"/>
    <property name="basedir" value="/Users/bhaskermamidisetti/Documents/pet/QAQuationEngine/qa-cotation-engine"/>
    <property name="file.separator" value="/"/>
    <property name="line.separator" value="&#10;"/>
    <property name="java.vm.specification.vendor" value="Oracle Corporation"/>
    <property name="java.specification.name" value="Java Platform API Specification"/>
    <property name="java.awt.graphicsenv" value="sun.awt.CGraphicsEnvironment"/>
    <property name="idea.version2020.1.2" value="true"/>
    <property name="surefire.real.class.path" value="/Users/bhaskermamidisetti/Documents/pet/QAQuationEngine/qa-cotation-engine/target/surefire/surefirebooter5626878652824218080.jar"/>
    <property name="sun.boot.class.path" value="/Library/Java/JavaVirtualMachines/jdk1.8.0_151.jdk/Contents/Home/jre/lib/resources.jar:/Library/Java/JavaVirtualMachines/jdk1.8.0_151.jdk/Contents/Home/jre/lib/rt.jar:/Library/Java/JavaVirtualMachines/jdk1.8.0_151.jdk/Contents/Home/jre/lib/sunrsasign.jar:/Library/Java/JavaVirtualMachines/jdk1.8.0_151.jdk/Contents/Home/jre/lib/jsse.jar:/Library/Java/JavaVirtualMachines/jdk1.8.0_151.jdk/Contents/Home/jre/lib/jce.jar:/Library/Java/JavaVirtualMachines/jdk1.8.0_151.jdk/Contents/Home/jre/lib/charsets.jar:/Library/Java/JavaVirtualMachines/jdk1.8.0_151.jdk/Contents/Home/jre/lib/jfr.jar:/Library/Java/JavaVirtualMachines/jdk1.8.0_151.jdk/Contents/Home/jre/classes"/>
    <property name="sun.management.compiler" value="HotSpot 64-Bit Tiered Compilers"/>
    <property name="java.runtime.version" value="1.8.0_151-b12"/>
    <property name="user.name" value="bhaskermamidisetti"/>
    <property name="path.separator" value=":"/>
    <property name="os.version" value="10.16"/>
    <property name="java.endorsed.dirs" value="/Library/Java/JavaVirtualMachines/jdk1.8.0_151.jdk/Contents/Home/jre/lib/endorsed"/>
    <property name="java.runtime.name" value="Java(TM) SE Runtime Environment"/>
    <property name="file.encoding" value="UTF-8"/>
    <property name="java.vm.name" value="Java HotSpot(TM) 64-Bit Server VM"/>
    <property name="localRepository" value="/Users/bhaskermamidisetti/.m2/repository"/>
    <property name="java.vendor.url.bug" value="http://bugreport.sun.com/bugreport/"/>
    <property name="java.io.tmpdir" value="/var/folders/w7/knx28x1d5nv42_5_q2v6k8pr0000gp/T/"/>
    <property name="java.version" value="1.8.0_151"/>
    <property name="user.dir" value="/Users/bhaskermamidisetti/Documents/pet/QAQuationEngine/qa-cotation-engine"/>
    <property name="os.arch" value="x86_64"/>
    <property name="java.vm.specification.name" value="Java Virtual Machine Specification"/>
    <property name="java.awt.printerjob" value="sun.lwawt.macosx.CPrinterJob"/>
    <property name="sun.os.patch.level" value="unknown"/>
    <property name="java.library.path" value="/Users/bhaskermamidisetti/Library/Java/Extensions:/Library/Java/Extensions:/Network/Library/Java/Extensions:/System/Library/Java/Extensions:/usr/lib/java:."/>
    <property name="java.vm.info" value="mixed mode"/>
    <property name="java.vendor" value="Oracle Corporation"/>
    <property name="java.vm.version" value="25.151-b12"/>
    <property name="java.ext.dirs" value="/Users/bhaskermamidisetti/Library/Java/Extensions:/Library/Java/JavaVirtualMachines/jdk1.8.0_151.jdk/Contents/Home/jre/lib/ext:/Library/Java/Extensions:/Network/Library/Java/Extensions:/System/Library/Java/Extensions:/usr/lib/java"/>
    <property name="sun.io.unicode.encoding" value="UnicodeBig"/>
    <property name="java.class.version" value="52.0"/>
  </properties>
  <testcase name="Given Create a new member using the POST request" classname="Scenario: Verify as a admin i can Create and verify the member" time="0.001"/>
  <testcase name="When Create a new quote for the member using POST request" classname="Scenario: Verify as a admin i can Create and verify the member" time="0"/>
  <testcase name="And Verify the the existing member" classname="Scenario: Verify as a admin i can Create and verify the member" time="0.005">
    <failure message="1 expectation failed.&#10;Expected status code &lt;200&gt; but was &lt;400&gt;.&#10;" type="java.lang.AssertionError"><![CDATA[java.lang.AssertionError: 
1 expectation failed.
Expected status code <200> but was <400>.

]]></failure>
    <system-out><![CDATA[Request method:	GET
Request URI:	https://qanat-quotes-public.staging.zopa.com/api/member?memberId=27472705-3d6a-47b8-aa8e-1aeefbe10870
Proxy:			<none>
Request params:	<none>
Query params:	memberId=27472705-3d6a-47b8-aa8e-1aeefbe10870
Form params:	<none>
Path params:	<none>
Headers:		Accept=*/*
				Content-Type=application/json; charset=UTF-8
Cookies:		<none>
Multiparts:		<none>
Body:			<none>
]]></system-out>
  </testcase>
  <testcase name="Scenario: Verify as a admin i can Create and verify the member" classname="Scenario: Verify as a admin i can Create and verify the member" time="0.005">
    <failure message="1 expectation failed.&#10;Expected status code &lt;200&gt; but was &lt;400&gt;.&#10;" type="java.lang.AssertionError"><![CDATA[java.lang.AssertionError: 
1 expectation failed.
Expected status code <200> but was <400>.

]]></failure>
  </testcase>
</testsuite>