<?xml version="1.0" encoding="UTF-8"?>
<testsuite xmlns:xsi="http://www.w3.org/2001/XMLSchema-instance" xsi:noNamespaceSchemaLocation="https://maven.apache.org/surefire/maven-surefire-plugin/xsd/surefire-test-report.xsd" name="com.pet.store.apitest.runner.TestRunner" time="4.434" tests="5" errors="0" skipped="1" failures="2">
  <properties>
    <property name="java.specification.version" value="13"/>
    <property name="sun.jnu.encoding" value="UTF-8"/>
    <property name="java.class.path" value="/Users/bhaskermamidisetti/Documents/pet/pet-store-api-automation/target/test-classes:/Users/bhaskermamidisetti/Documents/pet/pet-store-api-automation/target/classes:/Users/bhaskermamidisetti/.m2/repository/info/cukes/cucumber-java/1.2.5/cucumber-java-1.2.5.jar:/Users/bhaskermamidisetti/.m2/repository/info/cukes/cucumber-junit/1.2.5/cucumber-junit-1.2.5.jar:/Users/bhaskermamidisetti/.m2/repository/info/cukes/cucumber-picocontainer/1.2.5/cucumber-picocontainer-1.2.5.jar:/Users/bhaskermamidisetti/.m2/repository/info/cukes/cucumber-jvm-deps/1.0.5/cucumber-jvm-deps-1.0.5.jar:/Users/bhaskermamidisetti/.m2/repository/org/picocontainer/picocontainer/2.15/picocontainer-2.15.jar:/Users/bhaskermamidisetti/.m2/repository/info/cukes/cucumber-core/1.2.5/cucumber-core-1.2.5.jar:/Users/bhaskermamidisetti/.m2/repository/info/cukes/cucumber-html/0.2.3/cucumber-html-0.2.3.jar:/Users/bhaskermamidisetti/.m2/repository/info/cukes/gherkin/2.12.2/gherkin-2.12.2.jar:/Users/bhaskermamidisetti/.m2/repository/io/rest-assured/rest-assured/3.3.0/rest-assured-3.3.0.jar:/Users/bhaskermamidisetti/.m2/repository/org/codehaus/groovy/groovy/2.4.15/groovy-2.4.15.jar:/Users/bhaskermamidisetti/.m2/repository/org/codehaus/groovy/groovy-xml/2.4.15/groovy-xml-2.4.15.jar:/Users/bhaskermamidisetti/.m2/repository/org/apache/httpcomponents/httpclient/4.5.3/httpclient-4.5.3.jar:/Users/bhaskermamidisetti/.m2/repository/org/apache/httpcomponents/httpcore/4.4.6/httpcore-4.4.6.jar:/Users/bhaskermamidisetti/.m2/repository/commons-logging/commons-logging/1.2/commons-logging-1.2.jar:/Users/bhaskermamidisetti/.m2/repository/commons-codec/commons-codec/1.9/commons-codec-1.9.jar:/Users/bhaskermamidisetti/.m2/repository/org/apache/httpcomponents/httpmime/4.5.3/httpmime-4.5.3.jar:/Users/bhaskermamidisetti/.m2/repository/org/hamcrest/hamcrest-core/1.3/hamcrest-core-1.3.jar:/Users/bhaskermamidisetti/.m2/repository/org/hamcrest/hamcrest-library/1.3/hamcrest-library-1.3.jar:/Users/bhaskermamidisetti/.m2/repository/org/ccil/cowan/tagsoup/tagsoup/1.2.1/tagsoup-1.2.1.jar:/Users/bhaskermamidisetti/.m2/repository/io/rest-assured/json-path/3.3.0/json-path-3.3.0.jar:/Users/bhaskermamidisetti/.m2/repository/org/codehaus/groovy/groovy-json/2.4.15/groovy-json-2.4.15.jar:/Users/bhaskermamidisetti/.m2/repository/io/rest-assured/rest-assured-common/3.3.0/rest-assured-common-3.3.0.jar:/Users/bhaskermamidisetti/.m2/repository/io/rest-assured/xml-path/3.3.0/xml-path-3.3.0.jar:/Users/bhaskermamidisetti/.m2/repository/org/apache/commons/commons-lang3/3.4/commons-lang3-3.4.jar:/Users/bhaskermamidisetti/.m2/repository/javax/xml/bind/jaxb-api/2.2.12/jaxb-api-2.2.12.jar:/Users/bhaskermamidisetti/.m2/repository/com/sun/xml/bind/jaxb-osgi/2.2.10/jaxb-osgi-2.2.10.jar:/Users/bhaskermamidisetti/.m2/repository/org/apache/sling/org.apache.sling.javax.activation/0.1.0/org.apache.sling.javax.activation-0.1.0.jar:/Users/bhaskermamidisetti/.m2/repository/javax/activation/activation/1.1.1/activation-1.1.1.jar:/Users/bhaskermamidisetti/.m2/repository/io/rest-assured/json-schema-validator/3.3.0/json-schema-validator-3.3.0.jar:/Users/bhaskermamidisetti/.m2/repository/com/github/java-json-tools/json-schema-validator/2.2.10/json-schema-validator-2.2.10.jar:/Users/bhaskermamidisetti/.m2/repository/com/github/java-json-tools/json-schema-core/1.2.10/json-schema-core-1.2.10.jar:/Users/bhaskermamidisetti/.m2/repository/com/github/java-json-tools/jackson-coreutils/1.9/jackson-coreutils-1.9.jar:/Users/bhaskermamidisetti/.m2/repository/com/github/fge/msg-simple/1.1/msg-simple-1.1.jar:/Users/bhaskermamidisetti/.m2/repository/com/github/fge/btf/1.2/btf-1.2.jar:/Users/bhaskermamidisetti/.m2/repository/com/github/fge/uri-template/0.9/uri-template-0.9.jar:/Users/bhaskermamidisetti/.m2/repository/org/mozilla/rhino/1.7.7.1/rhino-1.7.7.1.jar:/Users/bhaskermamidisetti/.m2/repository/javax/mail/mailapi/1.4.3/mailapi-1.4.3.jar:/Users/bhaskermamidisetti/.m2/repository/joda-time/joda-time/2.9.7/joda-time-2.9.7.jar:/Users/bhaskermamidisetti/.m2/repository/com/googlecode/libphonenumber/libphonenumber/8.0.0/libphonenumber-8.0.0.jar:/Users/bhaskermamidisetti/.m2/repository/com/google/code/findbugs/jsr305/3.0.1/jsr305-3.0.1.jar:/Users/bhaskermamidisetti/.m2/repository/net/sf/jopt-simple/jopt-simple/5.0.3/jopt-simple-5.0.3.jar:/Users/bhaskermamidisetti/.m2/repository/junit/junit/4.12/junit-4.12.jar:/Users/bhaskermamidisetti/.m2/repository/io/jsonwebtoken/jjwt/0.2/jjwt-0.2.jar:/Users/bhaskermamidisetti/.m2/repository/org/slf4j/slf4j-api/1.7.6/slf4j-api-1.7.6.jar:/Users/bhaskermamidisetti/.m2/repository/com/fasterxml/jackson/core/jackson-databind/2.4.2/jackson-databind-2.4.2.jar:/Users/bhaskermamidisetti/.m2/repository/com/fasterxml/jackson/core/jackson-annotations/2.4.0/jackson-annotations-2.4.0.jar:/Users/bhaskermamidisetti/.m2/repository/com/fasterxml/jackson/core/jackson-core/2.4.2/jackson-core-2.4.2.jar:/Users/bhaskermamidisetti/.m2/repository/com/jayway/jsonpath/json-path/2.4.0/json-path-2.4.0.jar:/Users/bhaskermamidisetti/.m2/repository/net/minidev/json-smart/2.3/json-smart-2.3.jar:/Users/bhaskermamidisetti/.m2/repository/net/minidev/accessors-smart/1.2/accessors-smart-1.2.jar:/Users/bhaskermamidisetti/.m2/repository/org/ow2/asm/asm/5.0.4/asm-5.0.4.jar:/Users/bhaskermamidisetti/.m2/repository/com/jayway/jsonpath/json-path-assert/0.9.1/json-path-assert-0.9.1.jar:/Users/bhaskermamidisetti/.m2/repository/com/github/javafaker/javafaker/0.17.2/javafaker-0.17.2.jar:/Users/bhaskermamidisetti/.m2/repository/org/yaml/snakeyaml/1.23/snakeyaml-1.23-android.jar:/Users/bhaskermamidisetti/.m2/repository/com/github/mifmif/generex/1.0.2/generex-1.0.2.jar:/Users/bhaskermamidisetti/.m2/repository/dk/brics/automaton/automaton/1.11-8/automaton-1.11-8.jar:/Users/bhaskermamidisetti/.m2/repository/com/googlecode/json-simple/json-simple/1.1/json-simple-1.1.jar:/Users/bhaskermamidisetti/.m2/repository/log4j/log4j/1.2.17/log4j-1.2.17.jar:/Users/bhaskermamidisetti/.m2/repository/org/seleniumhq/selenium/selenium-java/3.141.59/selenium-java-3.141.59.jar:/Users/bhaskermamidisetti/.m2/repository/org/seleniumhq/selenium/selenium-api/3.141.59/selenium-api-3.141.59.jar:/Users/bhaskermamidisetti/.m2/repository/org/seleniumhq/selenium/selenium-chrome-driver/3.141.59/selenium-chrome-driver-3.141.59.jar:/Users/bhaskermamidisetti/.m2/repository/org/seleniumhq/selenium/selenium-edge-driver/3.141.59/selenium-edge-driver-3.141.59.jar:/Users/bhaskermamidisetti/.m2/repository/org/seleniumhq/selenium/selenium-firefox-driver/3.141.59/selenium-firefox-driver-3.141.59.jar:/Users/bhaskermamidisetti/.m2/repository/org/seleniumhq/selenium/selenium-ie-driver/3.141.59/selenium-ie-driver-3.141.59.jar:/Users/bhaskermamidisetti/.m2/repository/org/seleniumhq/selenium/selenium-opera-driver/3.141.59/selenium-opera-driver-3.141.59.jar:/Users/bhaskermamidisetti/.m2/repository/org/seleniumhq/selenium/selenium-remote-driver/3.141.59/selenium-remote-driver-3.141.59.jar:/Users/bhaskermamidisetti/.m2/repository/org/seleniumhq/selenium/selenium-safari-driver/3.141.59/selenium-safari-driver-3.141.59.jar:/Users/bhaskermamidisetti/.m2/repository/org/seleniumhq/selenium/selenium-support/3.141.59/selenium-support-3.141.59.jar:/Users/bhaskermamidisetti/.m2/repository/net/bytebuddy/byte-buddy/1.8.15/byte-buddy-1.8.15.jar:/Users/bhaskermamidisetti/.m2/repository/org/apache/commons/commons-exec/1.3/commons-exec-1.3.jar:/Users/bhaskermamidisetti/.m2/repository/com/google/guava/guava/25.0-jre/guava-25.0-jre.jar:/Users/bhaskermamidisetti/.m2/repository/org/checkerframework/checker-compat-qual/2.0.0/checker-compat-qual-2.0.0.jar:/Users/bhaskermamidisetti/.m2/repository/com/google/errorprone/error_prone_annotations/2.1.3/error_prone_annotations-2.1.3.jar:/Users/bhaskermamidisetti/.m2/repository/com/google/j2objc/j2objc-annotations/1.1/j2objc-annotations-1.1.jar:/Users/bhaskermamidisetti/.m2/repository/org/codehaus/mojo/animal-sniffer-annotations/1.14/animal-sniffer-annotations-1.14.jar:/Users/bhaskermamidisetti/.m2/repository/com/squareup/okhttp3/okhttp/3.11.0/okhttp-3.11.0.jar:/Users/bhaskermamidisetti/.m2/repository/com/squareup/okio/okio/1.14.0/okio-1.14.0.jar:"/>
    <property name="java.vm.vendor" value="Oracle Corporation"/>
    <property name="sun.arch.data.model" value="64"/>
    <property name="java.vendor.url" value="https://openjdk.java.net/"/>
    <property name="os.name" value="Mac OS X"/>
    <property name="java.vm.specification.version" value="13"/>
    <property name="sun.java.launcher" value="SUN_STANDARD"/>
    <property name="user.country" value="GB"/>
    <property name="sun.boot.library.path" value="/usr/local/Cellar/openjdk/13.0.2+8_2/libexec/openjdk.jdk/Contents/Home/lib"/>
    <property name="sun.java.command" value="/Users/bhaskermamidisetti/Documents/pet/pet-store-api-automation/target/surefire/surefirebooter17576776585128056963.jar /Users/bhaskermamidisetti/Documents/pet/pet-store-api-automation/target/surefire 2021-10-26T16-05-36_441-jvmRun1 surefire7810629435412790990tmp surefire_012095350413621414853tmp"/>
    <property name="jdk.debug" value="release"/>
    <property name="surefire.test.class.path" value="/Users/bhaskermamidisetti/Documents/pet/pet-store-api-automation/target/test-classes:/Users/bhaskermamidisetti/Documents/pet/pet-store-api-automation/target/classes:/Users/bhaskermamidisetti/.m2/repository/info/cukes/cucumber-java/1.2.5/cucumber-java-1.2.5.jar:/Users/bhaskermamidisetti/.m2/repository/info/cukes/cucumber-junit/1.2.5/cucumber-junit-1.2.5.jar:/Users/bhaskermamidisetti/.m2/repository/info/cukes/cucumber-picocontainer/1.2.5/cucumber-picocontainer-1.2.5.jar:/Users/bhaskermamidisetti/.m2/repository/info/cukes/cucumber-jvm-deps/1.0.5/cucumber-jvm-deps-1.0.5.jar:/Users/bhaskermamidisetti/.m2/repository/org/picocontainer/picocontainer/2.15/picocontainer-2.15.jar:/Users/bhaskermamidisetti/.m2/repository/info/cukes/cucumber-core/1.2.5/cucumber-core-1.2.5.jar:/Users/bhaskermamidisetti/.m2/repository/info/cukes/cucumber-html/0.2.3/cucumber-html-0.2.3.jar:/Users/bhaskermamidisetti/.m2/repository/info/cukes/gherkin/2.12.2/gherkin-2.12.2.jar:/Users/bhaskermamidisetti/.m2/repository/io/rest-assured/rest-assured/3.3.0/rest-assured-3.3.0.jar:/Users/bhaskermamidisetti/.m2/repository/org/codehaus/groovy/groovy/2.4.15/groovy-2.4.15.jar:/Users/bhaskermamidisetti/.m2/repository/org/codehaus/groovy/groovy-xml/2.4.15/groovy-xml-2.4.15.jar:/Users/bhaskermamidisetti/.m2/repository/org/apache/httpcomponents/httpclient/4.5.3/httpclient-4.5.3.jar:/Users/bhaskermamidisetti/.m2/repository/org/apache/httpcomponents/httpcore/4.4.6/httpcore-4.4.6.jar:/Users/bhaskermamidisetti/.m2/repository/commons-logging/commons-logging/1.2/commons-logging-1.2.jar:/Users/bhaskermamidisetti/.m2/repository/commons-codec/commons-codec/1.9/commons-codec-1.9.jar:/Users/bhaskermamidisetti/.m2/repository/org/apache/httpcomponents/httpmime/4.5.3/httpmime-4.5.3.jar:/Users/bhaskermamidisetti/.m2/repository/org/hamcrest/hamcrest-core/1.3/hamcrest-core-1.3.jar:/Users/bhaskermamidisetti/.m2/repository/org/hamcrest/hamcrest-library/1.3/hamcrest-library-1.3.jar:/Users/bhaskermamidisetti/.m2/repository/org/ccil/cowan/tagsoup/tagsoup/1.2.1/tagsoup-1.2.1.jar:/Users/bhaskermamidisetti/.m2/repository/io/rest-assured/json-path/3.3.0/json-path-3.3.0.jar:/Users/bhaskermamidisetti/.m2/repository/org/codehaus/groovy/groovy-json/2.4.15/groovy-json-2.4.15.jar:/Users/bhaskermamidisetti/.m2/repository/io/rest-assured/rest-assured-common/3.3.0/rest-assured-common-3.3.0.jar:/Users/bhaskermamidisetti/.m2/repository/io/rest-assured/xml-path/3.3.0/xml-path-3.3.0.jar:/Users/bhaskermamidisetti/.m2/repository/org/apache/commons/commons-lang3/3.4/commons-lang3-3.4.jar:/Users/bhaskermamidisetti/.m2/repository/javax/xml/bind/jaxb-api/2.2.12/jaxb-api-2.2.12.jar:/Users/bhaskermamidisetti/.m2/repository/com/sun/xml/bind/jaxb-osgi/2.2.10/jaxb-osgi-2.2.10.jar:/Users/bhaskermamidisetti/.m2/repository/org/apache/sling/org.apache.sling.javax.activation/0.1.0/org.apache.sling.javax.activation-0.1.0.jar:/Users/bhaskermamidisetti/.m2/repository/javax/activation/activation/1.1.1/activation-1.1.1.jar:/Users/bhaskermamidisetti/.m2/repository/io/rest-assured/json-schema-validator/3.3.0/json-schema-validator-3.3.0.jar:/Users/bhaskermamidisetti/.m2/repository/com/github/java-json-tools/json-schema-validator/2.2.10/json-schema-validator-2.2.10.jar:/Users/bhaskermamidisetti/.m2/repository/com/github/java-json-tools/json-schema-core/1.2.10/json-schema-core-1.2.10.jar:/Users/bhaskermamidisetti/.m2/repository/com/github/java-json-tools/jackson-coreutils/1.9/jackson-coreutils-1.9.jar:/Users/bhaskermamidisetti/.m2/repository/com/github/fge/msg-simple/1.1/msg-simple-1.1.jar:/Users/bhaskermamidisetti/.m2/repository/com/github/fge/btf/1.2/btf-1.2.jar:/Users/bhaskermamidisetti/.m2/repository/com/github/fge/uri-template/0.9/uri-template-0.9.jar:/Users/bhaskermamidisetti/.m2/repository/org/mozilla/rhino/1.7.7.1/rhino-1.7.7.1.jar:/Users/bhaskermamidisetti/.m2/repository/javax/mail/mailapi/1.4.3/mailapi-1.4.3.jar:/Users/bhaskermamidisetti/.m2/repository/joda-time/joda-time/2.9.7/joda-time-2.9.7.jar:/Users/bhaskermamidisetti/.m2/repository/com/googlecode/libphonenumber/libphonenumber/8.0.0/libphonenumber-8.0.0.jar:/Users/bhaskermamidisetti/.m2/repository/com/google/code/findbugs/jsr305/3.0.1/jsr305-3.0.1.jar:/Users/bhaskermamidisetti/.m2/repository/net/sf/jopt-simple/jopt-simple/5.0.3/jopt-simple-5.0.3.jar:/Users/bhaskermamidisetti/.m2/repository/junit/junit/4.12/junit-4.12.jar:/Users/bhaskermamidisetti/.m2/repository/io/jsonwebtoken/jjwt/0.2/jjwt-0.2.jar:/Users/bhaskermamidisetti/.m2/repository/org/slf4j/slf4j-api/1.7.6/slf4j-api-1.7.6.jar:/Users/bhaskermamidisetti/.m2/repository/com/fasterxml/jackson/core/jackson-databind/2.4.2/jackson-databind-2.4.2.jar:/Users/bhaskermamidisetti/.m2/repository/com/fasterxml/jackson/core/jackson-annotations/2.4.0/jackson-annotations-2.4.0.jar:/Users/bhaskermamidisetti/.m2/repository/com/fasterxml/jackson/core/jackson-core/2.4.2/jackson-core-2.4.2.jar:/Users/bhaskermamidisetti/.m2/repository/com/jayway/jsonpath/json-path/2.4.0/json-path-2.4.0.jar:/Users/bhaskermamidisetti/.m2/repository/net/minidev/json-smart/2.3/json-smart-2.3.jar:/Users/bhaskermamidisetti/.m2/repository/net/minidev/accessors-smart/1.2/accessors-smart-1.2.jar:/Users/bhaskermamidisetti/.m2/repository/org/ow2/asm/asm/5.0.4/asm-5.0.4.jar:/Users/bhaskermamidisetti/.m2/repository/com/jayway/jsonpath/json-path-assert/0.9.1/json-path-assert-0.9.1.jar:/Users/bhaskermamidisetti/.m2/repository/com/github/javafaker/javafaker/0.17.2/javafaker-0.17.2.jar:/Users/bhaskermamidisetti/.m2/repository/org/yaml/snakeyaml/1.23/snakeyaml-1.23-android.jar:/Users/bhaskermamidisetti/.m2/repository/com/github/mifmif/generex/1.0.2/generex-1.0.2.jar:/Users/bhaskermamidisetti/.m2/repository/dk/brics/automaton/automaton/1.11-8/automaton-1.11-8.jar:/Users/bhaskermamidisetti/.m2/repository/com/googlecode/json-simple/json-simple/1.1/json-simple-1.1.jar:/Users/bhaskermamidisetti/.m2/repository/log4j/log4j/1.2.17/log4j-1.2.17.jar:/Users/bhaskermamidisetti/.m2/repository/org/seleniumhq/selenium/selenium-java/3.141.59/selenium-java-3.141.59.jar:/Users/bhaskermamidisetti/.m2/repository/org/seleniumhq/selenium/selenium-api/3.141.59/selenium-api-3.141.59.jar:/Users/bhaskermamidisetti/.m2/repository/org/seleniumhq/selenium/selenium-chrome-driver/3.141.59/selenium-chrome-driver-3.141.59.jar:/Users/bhaskermamidisetti/.m2/repository/org/seleniumhq/selenium/selenium-edge-driver/3.141.59/selenium-edge-driver-3.141.59.jar:/Users/bhaskermamidisetti/.m2/repository/org/seleniumhq/selenium/selenium-firefox-driver/3.141.59/selenium-firefox-driver-3.141.59.jar:/Users/bhaskermamidisetti/.m2/repository/org/seleniumhq/selenium/selenium-ie-driver/3.141.59/selenium-ie-driver-3.141.59.jar:/Users/bhaskermamidisetti/.m2/repository/org/seleniumhq/selenium/selenium-opera-driver/3.141.59/selenium-opera-driver-3.141.59.jar:/Users/bhaskermamidisetti/.m2/repository/org/seleniumhq/selenium/selenium-remote-driver/3.141.59/selenium-remote-driver-3.141.59.jar:/Users/bhaskermamidisetti/.m2/repository/org/seleniumhq/selenium/selenium-safari-driver/3.141.59/selenium-safari-driver-3.141.59.jar:/Users/bhaskermamidisetti/.m2/repository/org/seleniumhq/selenium/selenium-support/3.141.59/selenium-support-3.141.59.jar:/Users/bhaskermamidisetti/.m2/repository/net/bytebuddy/byte-buddy/1.8.15/byte-buddy-1.8.15.jar:/Users/bhaskermamidisetti/.m2/repository/org/apache/commons/commons-exec/1.3/commons-exec-1.3.jar:/Users/bhaskermamidisetti/.m2/repository/com/google/guava/guava/25.0-jre/guava-25.0-jre.jar:/Users/bhaskermamidisetti/.m2/repository/org/checkerframework/checker-compat-qual/2.0.0/checker-compat-qual-2.0.0.jar:/Users/bhaskermamidisetti/.m2/repository/com/google/errorprone/error_prone_annotations/2.1.3/error_prone_annotations-2.1.3.jar:/Users/bhaskermamidisetti/.m2/repository/com/google/j2objc/j2objc-annotations/1.1/j2objc-annotations-1.1.jar:/Users/bhaskermamidisetti/.m2/repository/org/codehaus/mojo/animal-sniffer-annotations/1.14/animal-sniffer-annotations-1.14.jar:/Users/bhaskermamidisetti/.m2/repository/com/squareup/okhttp3/okhttp/3.11.0/okhttp-3.11.0.jar:/Users/bhaskermamidisetti/.m2/repository/com/squareup/okio/okio/1.14.0/okio-1.14.0.jar:"/>
    <property name="sun.cpu.endian" value="little"/>
    <property name="user.home" value="/Users/bhaskermamidisetti"/>
    <property name="user.language" value="en"/>
    <property name="java.specification.vendor" value="Oracle Corporation"/>
    <property name="java.version.date" value="2020-01-14"/>
    <property name="java.home" value="/usr/local/Cellar/openjdk/13.0.2+8_2/libexec/openjdk.jdk/Contents/Home"/>
    <property name="file.separator" value="/"/>
    <property name="basedir" value="/Users/bhaskermamidisetti/Documents/pet/pet-store-api-automation"/>
    <property name="java.vm.compressedOopsMode" value="Zero based"/>
    <property name="line.separator" value="&#10;"/>
    <property name="java.vm.specification.vendor" value="Oracle Corporation"/>
    <property name="java.specification.name" value="Java Platform API Specification"/>
    <property name="surefire.real.class.path" value="/Users/bhaskermamidisetti/Documents/pet/pet-store-api-automation/target/surefire/surefirebooter17576776585128056963.jar"/>
    <property name="sun.management.compiler" value="HotSpot 64-Bit Tiered Compilers"/>
    <property name="java.runtime.version" value="13.0.2+8"/>
    <property name="user.name" value="bhaskermamidisetti"/>
    <property name="path.separator" value=":"/>
    <property name="os.version" value="10.16"/>
    <property name="java.runtime.name" value="OpenJDK Runtime Environment"/>
    <property name="file.encoding" value="UTF-8"/>
    <property name="java.vm.name" value="OpenJDK 64-Bit Server VM"/>
    <property name="localRepository" value="/Users/bhaskermamidisetti/.m2/repository"/>
    <property name="java.vendor.url.bug" value="https://bugreport.java.com/bugreport/"/>
    <property name="java.io.tmpdir" value="/var/folders/w7/knx28x1d5nv42_5_q2v6k8pr0000gp/T/"/>
    <property name="java.version" value="13.0.2"/>
    <property name="user.dir" value="/Users/bhaskermamidisetti/Documents/pet/pet-store-api-automation"/>
    <property name="os.arch" value="x86_64"/>
    <property name="java.vm.specification.name" value="Java Virtual Machine Specification"/>
    <property name="java.library.path" value="/Users/bhaskermamidisetti/Library/Java/Extensions:/Library/Java/Extensions:/Network/Library/Java/Extensions:/System/Library/Java/Extensions:/usr/lib/java:."/>
    <property name="java.vm.info" value="mixed mode, sharing"/>
    <property name="java.vendor" value="N/A"/>
    <property name="java.vm.version" value="13.0.2+8"/>
    <property name="sun.io.unicode.encoding" value="UnicodeBig"/>
    <property name="java.class.version" value="57.0"/>
  </properties>
  <testcase name="Given create Post request to add a new pet to the store" classname="Scenario: Verify as a admin of the store i can add , update  and remove a pet record" time="0.002"/>
  <testcase name="When pet was created verify the data" classname="Scenario: Verify as a admin of the store i can add , update  and remove a pet record" time="0"/>
  <testcase name="And they can update the pet information using the PUT request and verify the updated information in response" classname="Scenario: Verify as a admin of the store i can add , update  and remove a pet record" time="0.007">
    <failure message="1 expectation failed.&#10;Expected status code &lt;200&gt; but was &lt;404&gt;.&#10;" type="java.lang.AssertionError"><![CDATA[java.lang.AssertionError: 
1 expectation failed.
Expected status code <200> but was <404>.

]]></failure>
    <system-out><![CDATA[Request method:	PUT
Request URI:	https://petstore3.swagger.io/api/v3/pet
Proxy:			<none>
Request params:	<none>
Query params:	<none>
Form params:	<none>
Path params:	<none>
Headers:		Accept=*/*
				Content-Type=application/json; charset=UTF-8
Cookies:		<none>
Multiparts:		<none>
Body:
{
    "id": "10",
    "name": "doggies",
    "category": {
        "id": 1,
        "name": "NewDogs"
    },
    "photoUrls": [
        "string"
    ],
    "tags": [
        {
            "id": 0,
            "name": "string"
        }
    ],
    "status": "available"
}
]]></system-out>
  </testcase>
  <testcase name="Scenario: Verify as a admin of the store i can add , update  and remove a pet record" classname="Scenario: Verify as a admin of the store i can add , update  and remove a pet record" time="0.008">
    <failure message="1 expectation failed.&#10;Expected status code &lt;200&gt; but was &lt;404&gt;.&#10;" type="java.lang.AssertionError"><![CDATA[java.lang.AssertionError: 
1 expectation failed.
Expected status code <200> but was <404>.

]]></failure>
  </testcase>
  <testcase name="Then can delete the pet using DELETE request and verify the pet is deleted successfully" classname="Scenario: Verify as a admin of the store i can add , update  and remove a pet record" time="0">
    <skipped/>
  </testcase>
</testsuite>